2025-08-19 16:44:15.064 | INFO     | app.main:startup_event:24 - Iniciando a aplicação...
2025-08-19 16:44:31.780 | INFO     | app.main:shutdown_event:28 - Encerrando a aplicação...
2025-08-19 16:45:20.904 | INFO     | app.main:startup_event:24 - Iniciando a aplicação...
2025-08-19 16:45:54.160 | INFO     | app.main:read_root:32 - Acessando a rota raiz.
2025-08-19 16:48:01.910 | INFO     | app.main:shutdown_event:28 - Encerrando a aplicação...
2025-08-19 16:52:27.402 | INFO     | app.main:startup_event:34 - Iniciando a aplicação...
2025-08-19 16:53:35.053 | INFO     | app.main:shutdown_event:38 - Encerrando a aplicação...
2025-08-19 16:53:36.361 | INFO     | app.main:startup_event:34 - Iniciando a aplicação...
2025-08-19 16:58:42.277 | INFO     | app.main:shutdown_event:38 - Encerrando a aplicação...
2025-08-19 16:58:43.694 | INFO     | app.main:startup_event:34 - Iniciando a aplicação...
2025-08-19 17:01:29.736 | INFO     | app.main:shutdown_event:38 - Encerrando a aplicação...
2025-08-19 17:01:33.518 | INFO     | app.main:startup_event:34 - Iniciando a aplicação...
2025-08-19 17:03:32.669 | INFO     | app.main:shutdown_event:38 - Encerrando a aplicação...
2025-08-19 17:03:33.979 | INFO     | app.main:startup_event:34 - Iniciando a aplicação...
2025-08-19 17:04:07.148 | INFO     | app.main:shutdown_event:38 - Encerrando a aplicação...
2025-08-19 17:04:08.511 | INFO     | app.main:startup_event:34 - Iniciando a aplicação...
2025-08-19 17:14:18.366 | INFO     | app.main:shutdown_event:38 - Encerrando a aplicação...
2025-08-19 17:14:19.735 | INFO     | app.main:startup_event:34 - Iniciando a aplicação...
2025-08-19 17:14:23.406 | INFO     | app.routers.pages:list_clientes_page:20 - Acessando a página de listagem de clientes.
2025-08-19 17:14:23.489 | DEBUG    | app.routers.pages:list_clientes_page:28 - Página de listagem chamou API. Status: 307
2025-08-19 17:14:23.489 | ERROR    | app.routers.pages:list_clientes_page:30 - Erro ao buscar clientes da API. Resposta: 
2025-08-19 17:14:23.489 | WARNING  | app.routers.pages:list_clientes_page:37 - Nenhum cliente retornado ou houve erro na API.
2025-08-19 17:22:22.215 | INFO     | app.main:shutdown_event:38 - Encerrando a aplicação...
